<?xml version="1.0" encoding="UTF-8"?>
<!-- Generated by org.testng.reporters.JUnitReportReporter -->
<testsuite hostname="Sonys-Air.fritz.box" failures="0" tests="1" name="com.learningmavenproject.testCases.TC_LogInTest_001" time="2.861" errors="0" timestamp="25 Sep 2019 20:09:09 GMT" skipped="0">
  <testcase classname="com.learningmavenproject.testCases.TC_LogInTest_001" name="loginTest" time="2.861"/>
</testsuite> <!-- com.learningmavenproject.testCases.TC_LogInTest_001 -->
